running egg_info
writing ../../build/intro/intro.egg-info/PKG-INFO
writing dependency_links to ../../build/intro/intro.egg-info/dependency_links.txt
writing entry points to ../../build/intro/intro.egg-info/entry_points.txt
writing requirements to ../../build/intro/intro.egg-info/requires.txt
writing top-level names to ../../build/intro/intro.egg-info/top_level.txt
reading manifest file '../../build/intro/intro.egg-info/SOURCES.txt'
writing manifest file '../../build/intro/intro.egg-info/SOURCES.txt'
running build
running build_py
copying intro/subscriber.py -> /home/shaurya/jderobot_intro/build/intro/build/lib/intro
running install
running install_lib
copying /home/shaurya/jderobot_intro/build/intro/build/lib/intro/subscriber.py -> /home/shaurya/jderobot_intro/install/intro/lib/python3.10/site-packages/intro
byte-compiling /home/shaurya/jderobot_intro/install/intro/lib/python3.10/site-packages/intro/subscriber.py to subscriber.cpython-310.pyc
running install_data
running install_egg_info
removing '/home/shaurya/jderobot_intro/install/intro/lib/python3.10/site-packages/intro-0.0.0-py3.10.egg-info' (and everything under it)
Copying ../../build/intro/intro.egg-info to /home/shaurya/jderobot_intro/install/intro/lib/python3.10/site-packages/intro-0.0.0-py3.10.egg-info
running install_scripts
Installing publisher script to /home/shaurya/jderobot_intro/install/intro/lib/intro
Installing subscriber script to /home/shaurya/jderobot_intro/install/intro/lib/intro
writing list of installed files to '/home/shaurya/jderobot_intro/build/intro/install.log'
