[1.366s] Invoking command in '/home/shaurya/jderobot_intro/src/intro': PYTHONPATH=/home/shaurya/jderobot_intro/build/intro/prefix_override:/usr/lib/python3/dist-packages/colcon_core/task/python/colcon_distutils_commands:/home/shaurya/jderobot_intro/install/intro/lib/python3.10/site-packages:${PYTHONPATH} /usr/bin/python3 -W ignore:setup.py install is deprecated -W ignore:easy_install command is deprecated setup.py egg_info --egg-base ../../build/intro build --build-base /home/shaurya/jderobot_intro/build/intro/build install --record /home/shaurya/jderobot_intro/build/intro/install.log --single-version-externally-managed install_data
[1.910s] running egg_info
[1.912s] writing ../../build/intro/intro.egg-info/PKG-INFO
[1.912s] writing dependency_links to ../../build/intro/intro.egg-info/dependency_links.txt
[1.912s] writing entry points to ../../build/intro/intro.egg-info/entry_points.txt
[1.913s] writing requirements to ../../build/intro/intro.egg-info/requires.txt
[1.913s] writing top-level names to ../../build/intro/intro.egg-info/top_level.txt
[1.917s] reading manifest file '../../build/intro/intro.egg-info/SOURCES.txt'
[1.918s] writing manifest file '../../build/intro/intro.egg-info/SOURCES.txt'
[1.919s] running build
[1.919s] running build_py
[1.919s] copying intro/subscriber.py -> /home/shaurya/jderobot_intro/build/intro/build/lib/intro
[1.919s] running install
[1.920s] running install_lib
[1.922s] copying /home/shaurya/jderobot_intro/build/intro/build/lib/intro/subscriber.py -> /home/shaurya/jderobot_intro/install/intro/lib/python3.10/site-packages/intro
[1.923s] byte-compiling /home/shaurya/jderobot_intro/install/intro/lib/python3.10/site-packages/intro/subscriber.py to subscriber.cpython-310.pyc
[1.924s] running install_data
[1.924s] running install_egg_info
[1.927s] removing '/home/shaurya/jderobot_intro/install/intro/lib/python3.10/site-packages/intro-0.0.0-py3.10.egg-info' (and everything under it)
[1.928s] Copying ../../build/intro/intro.egg-info to /home/shaurya/jderobot_intro/install/intro/lib/python3.10/site-packages/intro-0.0.0-py3.10.egg-info
[1.929s] running install_scripts
[1.973s] Installing publisher script to /home/shaurya/jderobot_intro/install/intro/lib/intro
[1.973s] Installing subscriber script to /home/shaurya/jderobot_intro/install/intro/lib/intro
[1.973s] writing list of installed files to '/home/shaurya/jderobot_intro/build/intro/install.log'
[2.022s] Invoked command in '/home/shaurya/jderobot_intro/src/intro' returned '0': PYTHONPATH=/home/shaurya/jderobot_intro/build/intro/prefix_override:/usr/lib/python3/dist-packages/colcon_core/task/python/colcon_distutils_commands:/home/shaurya/jderobot_intro/install/intro/lib/python3.10/site-packages:${PYTHONPATH} /usr/bin/python3 -W ignore:setup.py install is deprecated -W ignore:easy_install command is deprecated setup.py egg_info --egg-base ../../build/intro build --build-base /home/shaurya/jderobot_intro/build/intro/build install --record /home/shaurya/jderobot_intro/build/intro/install.log --single-version-externally-managed install_data
