[0.473s] Invoking command in '/home/shaurya/jderobot_intro/src/intro': PYTHONPATH=/home/shaurya/jderobot_intro/build/intro/prefix_override:/usr/lib/python3/dist-packages/colcon_core/task/python/colcon_distutils_commands:/home/shaurya/jderobot_intro/install/intro/lib/python3.10/site-packages:${PYTHONPATH} /usr/bin/python3 -W ignore:setup.py install is deprecated -W ignore:easy_install command is deprecated setup.py egg_info --egg-base ../../build/intro build --build-base /home/shaurya/jderobot_intro/build/intro/build install --record /home/shaurya/jderobot_intro/build/intro/install.log --single-version-externally-managed install_data
[0.651s] running egg_info
[0.652s] writing ../../build/intro/intro.egg-info/PKG-INFO
[0.652s] writing dependency_links to ../../build/intro/intro.egg-info/dependency_links.txt
[0.652s] writing entry points to ../../build/intro/intro.egg-info/entry_points.txt
[0.652s] writing requirements to ../../build/intro/intro.egg-info/requires.txt
[0.652s] writing top-level names to ../../build/intro/intro.egg-info/top_level.txt
[0.654s] reading manifest file '../../build/intro/intro.egg-info/SOURCES.txt'
[0.654s] writing manifest file '../../build/intro/intro.egg-info/SOURCES.txt'
[0.654s] running build
[0.654s] running build_py
[0.654s] copying intro/publisher.py -> /home/shaurya/jderobot_intro/build/intro/build/lib/intro
[0.655s] copying intro/subscriber.py -> /home/shaurya/jderobot_intro/build/intro/build/lib/intro
[0.655s] running install
[0.655s] running install_lib
[0.656s] copying /home/shaurya/jderobot_intro/build/intro/build/lib/intro/publisher.py -> /home/shaurya/jderobot_intro/install/intro/lib/python3.10/site-packages/intro
[0.656s] copying /home/shaurya/jderobot_intro/build/intro/build/lib/intro/subscriber.py -> /home/shaurya/jderobot_intro/install/intro/lib/python3.10/site-packages/intro
[0.656s] byte-compiling /home/shaurya/jderobot_intro/install/intro/lib/python3.10/site-packages/intro/publisher.py to publisher.cpython-310.pyc
[0.656s] byte-compiling /home/shaurya/jderobot_intro/install/intro/lib/python3.10/site-packages/intro/subscriber.py to subscriber.cpython-310.pyc
[0.656s] running install_data
[0.657s] running install_egg_info
[0.658s] removing '/home/shaurya/jderobot_intro/install/intro/lib/python3.10/site-packages/intro-0.0.0-py3.10.egg-info' (and everything under it)
[0.658s] Copying ../../build/intro/intro.egg-info to /home/shaurya/jderobot_intro/install/intro/lib/python3.10/site-packages/intro-0.0.0-py3.10.egg-info
[0.659s] running install_scripts
[0.673s] Installing publisher script to /home/shaurya/jderobot_intro/install/intro/lib/intro
[0.673s] Installing subscriber script to /home/shaurya/jderobot_intro/install/intro/lib/intro
[0.673s] writing list of installed files to '/home/shaurya/jderobot_intro/build/intro/install.log'
[0.690s] Invoked command in '/home/shaurya/jderobot_intro/src/intro' returned '0': PYTHONPATH=/home/shaurya/jderobot_intro/build/intro/prefix_override:/usr/lib/python3/dist-packages/colcon_core/task/python/colcon_distutils_commands:/home/shaurya/jderobot_intro/install/intro/lib/python3.10/site-packages:${PYTHONPATH} /usr/bin/python3 -W ignore:setup.py install is deprecated -W ignore:easy_install command is deprecated setup.py egg_info --egg-base ../../build/intro build --build-base /home/shaurya/jderobot_intro/build/intro/build install --record /home/shaurya/jderobot_intro/build/intro/install.log --single-version-externally-managed install_data
