[1.303s] Invoking command in '/home/shaurya/jderobot_intro/src/intro': PYTHONPATH=/home/shaurya/jderobot_intro/build/intro/prefix_override:/usr/lib/python3/dist-packages/colcon_core/task/python/colcon_distutils_commands:/home/shaurya/jderobot_intro/install/intro/lib/python3.10/site-packages:${PYTHONPATH} /usr/bin/python3 -W ignore:setup.py install is deprecated -W ignore:easy_install command is deprecated setup.py egg_info --egg-base ../../build/intro build --build-base /home/shaurya/jderobot_intro/build/intro/build install --record /home/shaurya/jderobot_intro/build/intro/install.log --single-version-externally-managed install_data
[1.815s] running egg_info
[1.816s] writing ../../build/intro/intro.egg-info/PKG-INFO
[1.817s] writing dependency_links to ../../build/intro/intro.egg-info/dependency_links.txt
[1.817s] writing entry points to ../../build/intro/intro.egg-info/entry_points.txt
[1.817s] writing requirements to ../../build/intro/intro.egg-info/requires.txt
[1.817s] writing top-level names to ../../build/intro/intro.egg-info/top_level.txt
[1.821s] reading manifest file '../../build/intro/intro.egg-info/SOURCES.txt'
[1.823s] writing manifest file '../../build/intro/intro.egg-info/SOURCES.txt'
[1.823s] running build
[1.823s] running build_py
[1.823s] copying intro/publisher.py -> /home/shaurya/jderobot_intro/build/intro/build/lib/intro
[1.823s] copying intro/subscriber.py -> /home/shaurya/jderobot_intro/build/intro/build/lib/intro
[1.823s] running install
[1.824s] running install_lib
[1.826s] copying /home/shaurya/jderobot_intro/build/intro/build/lib/intro/publisher.py -> /home/shaurya/jderobot_intro/install/intro/lib/python3.10/site-packages/intro
[1.826s] copying /home/shaurya/jderobot_intro/build/intro/build/lib/intro/subscriber.py -> /home/shaurya/jderobot_intro/install/intro/lib/python3.10/site-packages/intro
[1.826s] byte-compiling /home/shaurya/jderobot_intro/install/intro/lib/python3.10/site-packages/intro/publisher.py to publisher.cpython-310.pyc
[1.827s] byte-compiling /home/shaurya/jderobot_intro/install/intro/lib/python3.10/site-packages/intro/subscriber.py to subscriber.cpython-310.pyc
[1.828s] running install_data
[1.828s] running install_egg_info
[1.831s] removing '/home/shaurya/jderobot_intro/install/intro/lib/python3.10/site-packages/intro-0.0.0-py3.10.egg-info' (and everything under it)
[1.832s] Copying ../../build/intro/intro.egg-info to /home/shaurya/jderobot_intro/install/intro/lib/python3.10/site-packages/intro-0.0.0-py3.10.egg-info
[1.833s] running install_scripts
[1.876s] Installing publisher script to /home/shaurya/jderobot_intro/install/intro/lib/intro
[1.876s] Installing subscriber script to /home/shaurya/jderobot_intro/install/intro/lib/intro
[1.877s] writing list of installed files to '/home/shaurya/jderobot_intro/build/intro/install.log'
[1.924s] Invoked command in '/home/shaurya/jderobot_intro/src/intro' returned '0': PYTHONPATH=/home/shaurya/jderobot_intro/build/intro/prefix_override:/usr/lib/python3/dist-packages/colcon_core/task/python/colcon_distutils_commands:/home/shaurya/jderobot_intro/install/intro/lib/python3.10/site-packages:${PYTHONPATH} /usr/bin/python3 -W ignore:setup.py install is deprecated -W ignore:easy_install command is deprecated setup.py egg_info --egg-base ../../build/intro build --build-base /home/shaurya/jderobot_intro/build/intro/build install --record /home/shaurya/jderobot_intro/build/intro/install.log --single-version-externally-managed install_data
