[1.514s] Invoking command in '/home/shaurya/jderobot_intro/src/intro': PYTHONPATH=/home/shaurya/jderobot_intro/build/intro/prefix_override:/usr/lib/python3/dist-packages/colcon_core/task/python/colcon_distutils_commands:/home/shaurya/jderobot_intro/install/intro/lib/python3.10/site-packages:${PYTHONPATH} /usr/bin/python3 -W ignore:setup.py install is deprecated -W ignore:easy_install command is deprecated setup.py egg_info --egg-base ../../build/intro build --build-base /home/shaurya/jderobot_intro/build/intro/build install --record /home/shaurya/jderobot_intro/build/intro/install.log --single-version-externally-managed install_data
[2.135s] running egg_info
[2.136s] writing ../../build/intro/intro.egg-info/PKG-INFO
[2.137s] writing dependency_links to ../../build/intro/intro.egg-info/dependency_links.txt
[2.137s] writing entry points to ../../build/intro/intro.egg-info/entry_points.txt
[2.137s] writing requirements to ../../build/intro/intro.egg-info/requires.txt
[2.137s] writing top-level names to ../../build/intro/intro.egg-info/top_level.txt
[2.141s] reading manifest file '../../build/intro/intro.egg-info/SOURCES.txt'
[2.143s] writing manifest file '../../build/intro/intro.egg-info/SOURCES.txt'
[2.144s] running build
[2.144s] running build_py
[2.144s] copying intro/publisher.py -> /home/shaurya/jderobot_intro/build/intro/build/lib/intro
[2.144s] copying intro/subscriber.py -> /home/shaurya/jderobot_intro/build/intro/build/lib/intro
[2.145s] running install
[2.146s] running install_lib
[2.148s] copying /home/shaurya/jderobot_intro/build/intro/build/lib/intro/publisher.py -> /home/shaurya/jderobot_intro/install/intro/lib/python3.10/site-packages/intro
[2.148s] copying /home/shaurya/jderobot_intro/build/intro/build/lib/intro/subscriber.py -> /home/shaurya/jderobot_intro/install/intro/lib/python3.10/site-packages/intro
[2.149s] byte-compiling /home/shaurya/jderobot_intro/install/intro/lib/python3.10/site-packages/intro/publisher.py to publisher.cpython-310.pyc
[2.150s] byte-compiling /home/shaurya/jderobot_intro/install/intro/lib/python3.10/site-packages/intro/subscriber.py to subscriber.cpython-310.pyc
[2.151s] running install_data
[2.151s] running install_egg_info
[2.155s] removing '/home/shaurya/jderobot_intro/install/intro/lib/python3.10/site-packages/intro-0.0.0-py3.10.egg-info' (and everything under it)
[2.155s] Copying ../../build/intro/intro.egg-info to /home/shaurya/jderobot_intro/install/intro/lib/python3.10/site-packages/intro-0.0.0-py3.10.egg-info
[2.157s] running install_scripts
[2.201s] Installing publisher script to /home/shaurya/jderobot_intro/install/intro/lib/intro
[2.201s] Installing subscriber script to /home/shaurya/jderobot_intro/install/intro/lib/intro
[2.202s] writing list of installed files to '/home/shaurya/jderobot_intro/build/intro/install.log'
[2.252s] Invoked command in '/home/shaurya/jderobot_intro/src/intro' returned '0': PYTHONPATH=/home/shaurya/jderobot_intro/build/intro/prefix_override:/usr/lib/python3/dist-packages/colcon_core/task/python/colcon_distutils_commands:/home/shaurya/jderobot_intro/install/intro/lib/python3.10/site-packages:${PYTHONPATH} /usr/bin/python3 -W ignore:setup.py install is deprecated -W ignore:easy_install command is deprecated setup.py egg_info --egg-base ../../build/intro build --build-base /home/shaurya/jderobot_intro/build/intro/build install --record /home/shaurya/jderobot_intro/build/intro/install.log --single-version-externally-managed install_data
