running egg_info
creating ../../build/intro/intro.egg-info
writing ../../build/intro/intro.egg-info/PKG-INFO
writing dependency_links to ../../build/intro/intro.egg-info/dependency_links.txt
writing entry points to ../../build/intro/intro.egg-info/entry_points.txt
writing requirements to ../../build/intro/intro.egg-info/requires.txt
writing top-level names to ../../build/intro/intro.egg-info/top_level.txt
writing manifest file '../../build/intro/intro.egg-info/SOURCES.txt'
reading manifest file '../../build/intro/intro.egg-info/SOURCES.txt'
writing manifest file '../../build/intro/intro.egg-info/SOURCES.txt'
running build
running build_py
creating /home/shaurya/jderobot_intro/build/intro/build
creating /home/shaurya/jderobot_intro/build/intro/build/lib
creating /home/shaurya/jderobot_intro/build/intro/build/lib/intro
copying intro/__init__.py -> /home/shaurya/jderobot_intro/build/intro/build/lib/intro
running install
running install_lib
creating /home/shaurya/jderobot_intro/install/intro/lib/python3.10/site-packages/intro
copying /home/shaurya/jderobot_intro/build/intro/build/lib/intro/__init__.py -> /home/shaurya/jderobot_intro/install/intro/lib/python3.10/site-packages/intro
byte-compiling /home/shaurya/jderobot_intro/install/intro/lib/python3.10/site-packages/intro/__init__.py to __init__.cpython-310.pyc
running install_data
creating /home/shaurya/jderobot_intro/install/intro/share/ament_index
creating /home/shaurya/jderobot_intro/install/intro/share/ament_index/resource_index
creating /home/shaurya/jderobot_intro/install/intro/share/ament_index/resource_index/packages
copying resource/intro -> /home/shaurya/jderobot_intro/install/intro/share/ament_index/resource_index/packages
copying package.xml -> /home/shaurya/jderobot_intro/install/intro/share/intro
running install_egg_info
Copying ../../build/intro/intro.egg-info to /home/shaurya/jderobot_intro/install/intro/lib/python3.10/site-packages/intro-0.0.0-py3.10.egg-info
running install_scripts
writing list of installed files to '/home/shaurya/jderobot_intro/build/intro/install.log'
